#
# A fatal error has been detected by the Java Runtime Environment:
#
#  EXCEPTION_ACCESS_VIOLATION (0xc0000005) at pc=0x0000000067241788, pid=15820, tid=0x0000000000004b30
#
# JRE version: Java(TM) SE Runtime Environment (8.0_202-b08) (build 1.8.0_202-b08)
# Java VM: Java HotSpot(TM) 64-Bit Server VM (25.202-b08 mixed mode windows-amd64 compressed oops)
# Problematic frame:
# V  [jvm.dll+0x401788]
#
# Failed to write core dump. Minidumps are not enabled by default on client versions of Windows
#
# If you would like to submit a bug report, please visit:
#   http://bugreport.java.com/bugreport/crash.jsp
#

---------------  T H R E A D  ---------------

Current thread (0x0000000014409800):  VMThread [stack: 0x0000000016100000,0x0000000016200000] [id=19248]

siginfo: ExceptionCode=0xc0000005, reading address 0xffffffffffffffff

Registers:
RAX=0x0000000012920000, RBX=0x0000000100053a08, RCX=0x0000000000000000, RDX=0x007fffffff99e6fa
RSP=0x00000000161fecb8, RBP=0x00000000161fed30, RSI=0x00000001002537f0, RDI=0x000000006761df50
R8 =0x0000000000000011, R9 =0x000000001bb7a570, R10=0x00000000000001fe, R11=0x00000000161fec18
R12=0x0000000000000001, R13=0x0000000000000000, R14=0x000000006744b640, R15=0x000000006761de80
RIP=0x0000000067241788, EFLAGS=0x0000000000010206

Top of Stack: (sp=0x00000000161fecb8)
0x00000000161fecb8:   0000000066f6705c 00000001002537f0
0x00000000161fecc8:   000000006761df50 0000000000000000
0x00000000161fecd8:   0000000066ea7bbd 000000006744b640
0x00000000161fece8:   00000000000001fe ffffffffffffff00
0x00000000161fecf8:   0000000000000004 000000000000018c
0x00000000161fed08:   0000000000000000 0000000000000000
0x00000000161fed18:   000000001bb7a570 0000000000000000
0x00000000161fed28:   0000000000000001 000000006761def0
0x00000000161fed38:   0000000000000000 00000000161fee50
0x00000000161fed48:   0000000067241e6f 0000000014295520
0x00000000161fed58:   0000000000000008 0000000000000000
0x00000000161fed68:   000000006749c150 000000006761de80
0x00000000161fed78:   000000000000004c 000000006761de80
0x00000000161fed88:   000000000000004c 0000000000000561
0x00000000161fed98:   0000000000002cd3 0000000000000328
0x00000000161feda8:   000000000000000e 000000006749b098 

Instructions: (pc=0x0000000067241788)
0x0000000067241768:   0d 4b df 3c 00 48 c1 ea 03 48 d3 ea 0f b6 c2 48
0x0000000067241778:   c1 ea 06 24 3f 44 0f b6 c0 48 8b 05 88 45 42 00
0x0000000067241788:   48 8b 0c d0 4c 0f a3 c1 0f 92 c0 c3 cc cc cc cc
0x0000000067241798:   cc cc cc cc cc cc cc cc 48 89 5c 24 08 57 48 83 


Register to memory mapping:

RAX=0x0000000012920000 is an unknown value
RBX=0x0000000100053a08 is pointing into metadata
RCX=0x0000000000000000 is an unknown value
RDX=0x007fffffff99e6fa is an unknown value
RSP=0x00000000161fecb8 is an unknown value
RBP=0x00000000161fed30 is an unknown value
RSI=0x00000001002537f0 is pointing into metadata
RDI=0x000000006761df50 is an unknown value
R8 =0x0000000000000011 is an unknown value
R9 =0x000000001bb7a570 is an unknown value
R10=0x00000000000001fe is an unknown value
R11=0x00000000161fec18 is an unknown value
R12=0x0000000000000001 is an unknown value
R13=0x0000000000000000 is an unknown value
R14=0x000000006744b640 is an unknown value
R15=0x000000006761de80 is an unknown value


Stack: [0x0000000016100000,0x0000000016200000],  sp=0x00000000161fecb8,  free space=1019k
Native frames: (J=compiled Java code, j=interpreted, Vv=VM code, C=native code)
V  [jvm.dll+0x401788]

VM_Operation (0x0000000023f48180): CollectForMetadataAllocation, mode: safepoint, requested by thread 0x0000000019855800


---------------  P R O C E S S  ---------------

Java Threads: ( => current thread )
  0x000000001ceb1000 JavaThread "Cache worker for Java compile cache (C:\workspace\split-bill-app\split-bill-backend\.gradle\6.9.4\javaCompile)" [_thread_blocked, id=24144, stack(0x0000000027f00000,0x0000000028000000)]
  0x000000001ceaa800 JavaThread "Cache worker for execution history cache (C:\workspace\split-bill-app\split-bill-backend\.gradle\6.9.4\executionHistory)" [_thread_blocked, id=1712, stack(0x0000000027e00000,0x0000000027f00000)]
  0x000000001cea9800 JavaThread "Execution worker for ':' Thread 7" [_thread_blocked, id=25544, stack(0x0000000027800000,0x0000000027900000)]
  0x000000001ceab000 JavaThread "Execution worker for ':' Thread 6" [_thread_blocked, id=23996, stack(0x00000000266a0000,0x00000000267a0000)]
  0x000000001ceaf000 JavaThread "Execution worker for ':' Thread 5" [_thread_blocked, id=19016, stack(0x0000000024c50000,0x0000000024d50000)]
  0x000000001ceaf800 JavaThread "Execution worker for ':' Thread 4" [_thread_blocked, id=8032, stack(0x0000000024350000,0x0000000024450000)]
  0x0000000019857000 JavaThread "Execution worker for ':' Thread 3" [_thread_blocked, id=2204, stack(0x0000000024250000,0x0000000024350000)]
  0x0000000019856800 JavaThread "Execution worker for ':' Thread 2" [_thread_blocked, id=15992, stack(0x0000000023f50000,0x0000000024050000)]
  0x0000000019855800 JavaThread "Execution worker for ':'" [_thread_blocked, id=18632, stack(0x0000000023e50000,0x0000000023f50000)]
  0x0000000019855000 JavaThread "jar transforms Thread 368" [_thread_blocked, id=21392, stack(0x0000000023d50000,0x0000000023e50000)]
  0x0000000019854000 JavaThread "jar transforms Thread 367" [_thread_blocked, id=21004, stack(0x0000000023c50000,0x0000000023d50000)]
  0x0000000019853800 JavaThread "jar transforms Thread 366" [_thread_blocked, id=13040, stack(0x0000000023b50000,0x0000000023c50000)]
  0x0000000019859800 JavaThread "jar transforms Thread 365" [_thread_blocked, id=25428, stack(0x0000000023a50000,0x0000000023b50000)]
  0x0000000019859000 JavaThread "jar transforms Thread 364" [_thread_blocked, id=14388, stack(0x0000000023950000,0x0000000023a50000)]
  0x0000000019858000 JavaThread "jar transforms Thread 363" [_thread_blocked, id=9980, stack(0x0000000023650000,0x0000000023750000)]
  0x000000001984c000 JavaThread "jar transforms Thread 362" [_thread_blocked, id=21040, stack(0x0000000023550000,0x0000000023650000)]
  0x0000000019852800 JavaThread "jar transforms Thread 361" [_thread_blocked, id=18144, stack(0x0000000023450000,0x0000000023550000)]
  0x0000000019852000 JavaThread "jar transforms Thread 360" [_thread_blocked, id=24632, stack(0x0000000023350000,0x0000000023450000)]
  0x000000001984a800 JavaThread "jar transforms Thread 359" [_thread_blocked, id=6120, stack(0x0000000023250000,0x0000000023350000)]
  0x0000000019851000 JavaThread "jar transforms Thread 358" [_thread_blocked, id=19136, stack(0x0000000023150000,0x0000000023250000)]
  0x000000001984f800 JavaThread "jar transforms Thread 357" [_thread_blocked, id=8976, stack(0x0000000022a50000,0x0000000022b50000)]
  0x000000001984e000 JavaThread "jar transforms Thread 356" [_thread_blocked, id=15516, stack(0x0000000022950000,0x0000000022a50000)]
  0x000000001984f000 JavaThread "jar transforms Thread 355" [_thread_blocked, id=2064, stack(0x0000000022850000,0x0000000022950000)]
  0x0000000019850800 JavaThread "jar transforms Thread 354" [_thread_blocked, id=6628, stack(0x00000000224f0000,0x00000000225f0000)]
  0x000000001984b000 JavaThread "jar transforms Thread 353" [_thread_blocked, id=17032, stack(0x00000000223f0000,0x00000000224f0000)]
  0x000000001984d800 JavaThread "Build operations Thread 8" [_thread_blocked, id=2972, stack(0x0000000021ff0000,0x00000000220f0000)]
  0x000000001d27f000 JavaThread "Build operations Thread 7" [_thread_blocked, id=8252, stack(0x0000000021ef0000,0x0000000021ff0000)]
  0x000000001d27d800 JavaThread "Build operations Thread 6" [_thread_blocked, id=21788, stack(0x0000000021df0000,0x0000000021ef0000)]
  0x000000001d27d000 JavaThread "Build operations Thread 5" [_thread_blocked, id=8640, stack(0x0000000021cf0000,0x0000000021df0000)]
  0x000000001d27c000 JavaThread "Build operations Thread 4" [_thread_blocked, id=6876, stack(0x0000000021770000,0x0000000021870000)]
  0x000000001d27a800 JavaThread "Build operations Thread 3" [_thread_blocked, id=20276, stack(0x0000000021670000,0x0000000021770000)]
  0x000000001d281800 JavaThread "Build operations Thread 2" [_thread_blocked, id=12748, stack(0x0000000021570000,0x0000000021670000)]
  0x000000001d27e800 JavaThread "Build operations" [_thread_blocked, id=4584, stack(0x0000000021470000,0x0000000021570000)]
  0x000000001d27a000 JavaThread "Cache worker for Build Output Cleanup Cache (C:\workspace\split-bill-app\split-bill-backend\.gradle\buildOutputCleanup)" [_thread_blocked, id=16972, stack(0x0000000021370000,0x0000000021470000)]
  0x000000001d280800 JavaThread "Cache worker for cache directory md-rule (C:\Users\nicho\.gradle\caches\6.9.4\md-rule)" [_thread_blocked, id=13692, stack(0x000000001fb10000,0x000000001fc10000)]
  0x000000001d280000 JavaThread "Cache worker for cache directory md-supplier (C:\Users\nicho\.gradle\caches\6.9.4\md-supplier)" [_thread_blocked, id=16336, stack(0x000000001ef10000,0x000000001f010000)]
  0x000000001d272800 JavaThread "Cache worker for checksums cache (C:\workspace\split-bill-app\split-bill-backend\.gradle\checksums)" [_thread_blocked, id=24124, stack(0x000000001b030000,0x000000001b130000)]
  0x000000001d277000 JavaThread "Cache worker for file hash cache (C:\workspace\split-bill-app\split-bill-backend\.gradle\6.9.4\fileHashes)" [_thread_blocked, id=8916, stack(0x000000001a830000,0x000000001a930000)]
  0x000000001d276000 JavaThread "Daemon client event forwarder" [_thread_blocked, id=15784, stack(0x000000001a730000,0x000000001a830000)]
  0x000000001d279000 JavaThread "Stdin handler" [_thread_blocked, id=22136, stack(0x000000001a630000,0x000000001a730000)]
  0x000000001d273000 JavaThread "Asynchronous log dispatcher for DefaultDaemonConnection: socket connection from /127.0.0.1:59005 to /127.0.0.1:54015" [_thread_blocked, id=5948, stack(0x000000001a230000,0x000000001a330000)]
  0x000000001d278800 JavaThread "Cancel handler" [_thread_blocked, id=18468, stack(0x0000000000f70000,0x0000000001070000)]
  0x000000001d274800 JavaThread "Handler for socket connection from /127.0.0.1:59005 to /127.0.0.1:54015" [_thread_in_native, id=3992, stack(0x0000000000d70000,0x0000000000e70000)]
  0x0000000018e02800 JavaThread "Exec process Thread 9" [_thread_blocked, id=14852, stack(0x0000000025da0000,0x0000000025ea0000)]
  0x0000000018f6c800 JavaThread "Exec process Thread 8" [_thread_blocked, id=22664, stack(0x0000000024750000,0x0000000024850000)]
  0x0000000018f69800 JavaThread "Exec process Thread 7" [_thread_blocked, id=25220, stack(0x0000000024450000,0x0000000024550000)]
  0x0000000018f64000 JavaThread "Daemon worker Thread 2" [_thread_blocked, id=17716, stack(0x000000001a330000,0x000000001a430000)]
  0x0000000018f68000 JavaThread "Daemon Thread 6" [_thread_blocked, id=2552, stack(0x0000000000e70000,0x0000000000f70000)]
  0x0000000018f65800 JavaThread "Cache worker for Java compile cache (C:\Users\nicho\.gradle\caches\6.9.4\javaCompile)" [_thread_blocked, id=23180, stack(0x00000000222f0000,0x00000000223f0000)]
  0x0000000018f68800 JavaThread "Memory manager" [_thread_blocked, id=14956, stack(0x000000001fe10000,0x000000001ff10000)]
  0x0000000018f6e800 JavaThread "Cache worker for file content cache (C:\Users\nicho\.gradle\caches\6.9.4\fileContent)" [_thread_blocked, id=21900, stack(0x000000001f410000,0x000000001f510000)]
  0x0000000018f67000 JavaThread "Cache worker for execution history cache (C:\Users\nicho\.gradle\caches\6.9.4\executionHistory)" [_thread_blocked, id=3148, stack(0x000000001ec10000,0x000000001ed10000)]
  0x0000000018f6b800 JavaThread "Cache worker for journal cache (C:\Users\nicho\.gradle\caches\journal-1)" [_thread_blocked, id=23408, stack(0x000000001b130000,0x000000001b230000)]
  0x0000000018f6b000 JavaThread "File lock request listener" [_thread_in_native, id=19036, stack(0x000000001af30000,0x000000001b030000)]
  0x0000000018f63800 JavaThread "Cache worker for file hash cache (C:\Users\nicho\.gradle\caches\6.9.4\fileHashes)" [_thread_blocked, id=6888, stack(0x000000001ae30000,0x000000001af30000)]
  0x0000000018e03000 JavaThread "Daemon periodic checks" [_thread_blocked, id=24964, stack(0x000000001a130000,0x000000001a230000)]
  0x0000000018dfd800 JavaThread "Incoming local TCP Connector on port 59005" [_thread_in_native, id=22064, stack(0x0000000019ee0000,0x0000000019fe0000)]
  0x0000000018e01000 JavaThread "Daemon health stats" [_thread_blocked, id=17584, stack(0x00000000198a0000,0x00000000199a0000)]
  0x00000000162a4800 JavaThread "Service Thread" daemon [_thread_blocked, id=23640, stack(0x0000000016f00000,0x0000000017000000)]
  0x0000000016234000 JavaThread "C1 CompilerThread3" daemon [_thread_blocked, id=16340, stack(0x0000000016e00000,0x0000000016f00000)]
  0x000000001622f800 JavaThread "C2 CompilerThread2" daemon [_thread_blocked, id=12444, stack(0x0000000016d00000,0x0000000016e00000)]
  0x000000001622f000 JavaThread "C2 CompilerThread1" daemon [_thread_blocked, id=13968, stack(0x0000000016c00000,0x0000000016d00000)]
  0x000000001622d000 JavaThread "C2 CompilerThread0" daemon [_thread_blocked, id=25076, stack(0x0000000016b00000,0x0000000016c00000)]
  0x0000000016229800 JavaThread "Attach Listener" daemon [_thread_blocked, id=22660, stack(0x0000000016a00000,0x0000000016b00000)]
  0x000000001441e800 JavaThread "Signal Dispatcher" daemon [_thread_blocked, id=16096, stack(0x0000000016900000,0x0000000016a00000)]
  0x0000000002b99800 JavaThread "Finalizer" daemon [_thread_blocked, id=1764, stack(0x0000000016700000,0x0000000016800000)]
  0x0000000002b96000 JavaThread "Reference Handler" daemon [_thread_blocked, id=9856, stack(0x0000000016600000,0x0000000016700000)]
  0x0000000002aa2800 JavaThread "main" [_thread_blocked, id=16560, stack(0x0000000002970000,0x0000000002a70000)]

Other Threads:
=>0x0000000014409800 VMThread [stack: 0x0000000016100000,0x0000000016200000] [id=19248]
  0x00000000162da000 WatcherThread [stack: 0x0000000017000000,0x0000000017100000] [id=5756]

VM state:at safepoint (normal execution)

VM Mutex/Monitor currently owned by a thread:  ([mutex/lock_event])
[0x0000000002a9d580] Threads_lock - owner thread: 0x0000000014409800
[0x0000000002a9d700] Heap_lock - owner thread: 0x0000000019855800

heap address: 0x00000000e0000000, size: 512 MB, Compressed Oops mode: 32-bit
Narrow klass base: 0x0000000000000000, Narrow klass shift: 3
Compressed class space size: 1073741824 Address: 0x0000000100000000

Heap:
 PSYoungGen      total 138752K, used 31392K [0x00000000f5580000, 0x0000000100000000, 0x0000000100000000)
  eden space 107008K, 0% used [0x00000000f5580000,0x00000000f5580000,0x00000000fbe00000)
  from space 31744K, 98% used [0x00000000fbe00000,0x00000000fdca8348,0x00000000fdd00000)
  to   space 35328K, 0% used [0x00000000fdd80000,0x00000000fdd80000,0x0000000100000000)
 ParOldGen       total 177664K, used 70938K [0x00000000e0000000, 0x00000000ead80000, 0x00000000f5580000)
  object space 177664K, 39% used [0x00000000e0000000,0x00000000e4546b10,0x00000000ead80000)
 Metaspace       used 91253K, capacity 98292K, committed 98380K, reserved 1134592K
  class space    used 11758K, capacity 13032K, committed 13056K, reserved 1048576K

Card table byte_map: [0x0000000011f60000,0x0000000012070000] byte_map_base: 0x0000000011860000

Marking Bits: (ParMarkBitMap*) 0x0000000067665ce0
 Begin Bits: [0x0000000012920000, 0x0000000013120000)
 End Bits:   [0x0000000013120000, 0x0000000013920000)

Polling page: 0x0000000001070000

CodeCache: size=245760Kb used=52214Kb max_used=58647Kb free=193545Kb
 bounds [0x0000000002ba0000, 0x0000000006550000, 0x0000000011ba0000]
 total_blobs=15719 nmethods=14931 adapters=699
 compilation: enabled

Compilation events (10 events):
Event: 158349.201 Thread 0x0000000016234000 18719   !   3       lombok.launch.ShadowClassLoader::getResourceFromLocation (243 bytes)
Event: 158349.204 Thread 0x0000000016234000 nmethod 18719 0x00000000060d6710 code [0x00000000060d6e40, 0x00000000060db4d8]
Event: 158349.204 Thread 0x0000000016234000 18720   !   3       lombok.launch.ShadowClassLoader::getOrMakeJarListing (193 bytes)
Event: 158349.206 Thread 0x0000000016234000 nmethod 18720 0x0000000003987890 code [0x0000000003987b80, 0x0000000003989338]
Event: 158349.206 Thread 0x0000000016234000 18721   !   3       lombok.launch.ShadowClassLoader::loadClass (242 bytes)
Event: 158349.208 Thread 0x0000000016234000 nmethod 18721 0x0000000004b93b90 code [0x0000000004b94020, 0x0000000004b969f8]
Event: 158349.275 Thread 0x0000000016234000 18722       3       sun.misc.ProxyGenerator$ProxyMethod::<init> (14 bytes)
Event: 158349.276 Thread 0x0000000016234000 nmethod 18722 0x0000000005eb4dd0 code [0x0000000005eb4f40, 0x0000000005eb50c8]
Event: 158349.299 Thread 0x0000000016234000 18723       3       java.util.regex.Pattern$Branch::add (61 bytes)
Event: 158349.300 Thread 0x0000000016234000 nmethod 18723 0x00000000048a63d0 code [0x00000000048a6560, 0x00000000048a69a8]

GC Heap History (10 events):
Event: 155683.369 GC heap after
Heap after GC invocations=72 (full 3):
 PSYoungGen      total 134656K, used 6105K [0x00000000f5580000, 0x0000000100000000, 0x0000000100000000)
  eden space 100352K, 0% used [0x00000000f5580000,0x00000000f5580000,0x00000000fb780000)
  from space 34304K, 17% used [0x00000000fb780000,0x00000000fbd766a8,0x00000000fd900000)
  to   space 34816K, 0% used [0x00000000fde00000,0x00000000fde00000,0x0000000100000000)
 ParOldGen       total 177664K, used 70906K [0x00000000e0000000, 0x00000000ead80000, 0x00000000f5580000)
  object space 177664K, 39% used [0x00000000e0000000,0x00000000e453eb10,0x00000000ead80000)
 Metaspace       used 88934K, capacity 95870K, committed 95960K, reserved 1132544K
  class space    used 11474K, capacity 12715K, committed 12800K, reserved 1048576K
}
Event: 156448.615 GC heap before
{Heap before GC invocations=73 (full 3):
 PSYoungGen      total 134656K, used 106382K [0x00000000f5580000, 0x0000000100000000, 0x0000000100000000)
  eden space 100352K, 99% used [0x00000000f5580000,0x00000000fb76d1b0,0x00000000fb780000)
  from space 34304K, 17% used [0x00000000fb780000,0x00000000fbd766a8,0x00000000fd900000)
  to   space 34816K, 0% used [0x00000000fde00000,0x00000000fde00000,0x0000000100000000)
 ParOldGen       total 177664K, used 70906K [0x00000000e0000000, 0x00000000ead80000, 0x00000000f5580000)
  object space 177664K, 39% used [0x00000000e0000000,0x00000000e453eb10,0x00000000ead80000)
 Metaspace       used 89016K, capacity 95970K, committed 96216K, reserved 1132544K
  class space    used 11482K, capacity 12723K, committed 12800K, reserved 1048576K
Event: 156448.654 GC heap after
Heap after GC invocations=73 (full 3):
 PSYoungGen      total 139776K, used 12958K [0x00000000f5580000, 0x00000000fff80000, 0x0000000100000000)
  eden space 105472K, 0% used [0x00000000f5580000,0x00000000f5580000,0x00000000fbc80000)
  from space 34304K, 37% used [0x00000000fde00000,0x00000000feaa7820,0x00000000fff80000)
  to   space 34304K, 0% used [0x00000000fbc80000,0x00000000fbc80000,0x00000000fde00000)
 ParOldGen       total 177664K, used 70914K [0x00000000e0000000, 0x00000000ead80000, 0x00000000f5580000)
  object space 177664K, 39% used [0x00000000e0000000,0x00000000e4540b10,0x00000000ead80000)
 Metaspace       used 89016K, capacity 95970K, committed 96216K, reserved 1132544K
  class space    used 11482K, capacity 12723K, committed 12800K, reserved 1048576K
}
Event: 157809.771 GC heap before
{Heap before GC invocations=74 (full 3):
 PSYoungGen      total 139776K, used 118430K [0x00000000f5580000, 0x00000000fff80000, 0x0000000100000000)
  eden space 105472K, 100% used [0x00000000f5580000,0x00000000fbc80000,0x00000000fbc80000)
  from space 34304K, 37% used [0x00000000fde00000,0x00000000feaa7820,0x00000000fff80000)
  to   space 34304K, 0% used [0x00000000fbc80000,0x00000000fbc80000,0x00000000fde00000)
 ParOldGen       total 177664K, used 70914K [0x00000000e0000000, 0x00000000ead80000, 0x00000000f5580000)
  object space 177664K, 39% used [0x00000000e0000000,0x00000000e4540b10,0x00000000ead80000)
 Metaspace       used 90465K, capacity 97454K, committed 97624K, reserved 1134592K
  class space    used 11656K, capacity 12922K, committed 12928K, reserved 1048576K
Event: 157810.361 GC heap after
Heap after GC invocations=74 (full 3):
 PSYoungGen      total 123904K, used 18373K [0x00000000f5580000, 0x00000000ffd00000, 0x0000000100000000)
  eden space 105472K, 0% used [0x00000000f5580000,0x00000000f5580000,0x00000000fbc80000)
  from space 18432K, 99% used [0x00000000fbc80000,0x00000000fce71610,0x00000000fce80000)
  to   space 32768K, 0% used [0x00000000fdd00000,0x00000000fdd00000,0x00000000ffd00000)
 ParOldGen       total 177664K, used 70922K [0x00000000e0000000, 0x00000000ead80000, 0x00000000f5580000)
  object space 177664K, 39% used [0x00000000e0000000,0x00000000e4542b10,0x00000000ead80000)
 Metaspace       used 90465K, capacity 97454K, committed 97624K, reserved 1134592K
  class space    used 11656K, capacity 12922K, committed 12928K, reserved 1048576K
}
Event: 158348.701 GC heap before
{Heap before GC invocations=75 (full 3):
 PSYoungGen      total 123904K, used 123839K [0x00000000f5580000, 0x00000000ffd00000, 0x0000000100000000)
  eden space 105472K, 99% used [0x00000000f5580000,0x00000000fbc7e7d8,0x00000000fbc80000)
  from space 18432K, 99% used [0x00000000fbc80000,0x00000000fce71610,0x00000000fce80000)
  to   space 32768K, 0% used [0x00000000fdd00000,0x00000000fdd00000,0x00000000ffd00000)
 ParOldGen       total 177664K, used 70922K [0x00000000e0000000, 0x00000000ead80000, 0x00000000f5580000)
  object space 177664K, 39% used [0x00000000e0000000,0x00000000e4542b10,0x00000000ead80000)
 Metaspace       used 90571K, capacity 97614K, committed 97752K, reserved 1134592K
  class space    used 11663K, capacity 12930K, committed 13056K, reserved 1048576K
Event: 158348.751 GC heap after
Heap after GC invocations=75 (full 3):
 PSYoungGen      total 139776K, used 18595K [0x00000000f5580000, 0x0000000100000000, 0x0000000100000000)
  eden space 107008K, 0% used [0x00000000f5580000,0x00000000f5580000,0x00000000fbe00000)
  from space 32768K, 56% used [0x00000000fdd00000,0x00000000fef28e40,0x00000000ffd00000)
  to   space 31744K, 0% used [0x00000000fbe00000,0x00000000fbe00000,0x00000000fdd00000)
 ParOldGen       total 177664K, used 70930K [0x00000000e0000000, 0x00000000ead80000, 0x00000000f5580000)
  object space 177664K, 39% used [0x00000000e0000000,0x00000000e4544b10,0x00000000ead80000)
 Metaspace       used 90571K, capacity 97614K, committed 97752K, reserved 1134592K
  class space    used 11663K, capacity 12930K, committed 13056K, reserved 1048576K
}
Event: 158349.301 GC heap before
{Heap before GC invocations=76 (full 3):
 PSYoungGen      total 139776K, used 91591K [0x00000000f5580000, 0x0000000100000000, 0x0000000100000000)
  eden space 107008K, 68% used [0x00000000f5580000,0x00000000f9cc8ee8,0x00000000fbe00000)
  from space 32768K, 56% used [0x00000000fdd00000,0x00000000fef28e40,0x00000000ffd00000)
  to   space 31744K, 0% used [0x00000000fbe00000,0x00000000fbe00000,0x00000000fdd00000)
 ParOldGen       total 177664K, used 70930K [0x00000000e0000000, 0x00000000ead80000, 0x00000000f5580000)
  object space 177664K, 39% used [0x00000000e0000000,0x00000000e4544b10,0x00000000ead80000)
 Metaspace       used 91253K, capacity 98292K, committed 98380K, reserved 1134592K
  class space    used 11758K, capacity 13032K, committed 13056K, reserved 1048576K
Event: 158349.366 GC heap after
Heap after GC invocations=76 (full 3):
 PSYoungGen      total 138752K, used 31392K [0x00000000f5580000, 0x0000000100000000, 0x0000000100000000)
  eden space 107008K, 0% used [0x00000000f5580000,0x00000000f5580000,0x00000000fbe00000)
  from space 31744K, 98% used [0x00000000fbe00000,0x00000000fdca8348,0x00000000fdd00000)
  to   space 35328K, 0% used [0x00000000fdd80000,0x00000000fdd80000,0x0000000100000000)
 ParOldGen       total 177664K, used 70938K [0x00000000e0000000, 0x00000000ead80000, 0x00000000f5580000)
  object space 177664K, 39% used [0x00000000e0000000,0x00000000e4546b10,0x00000000ead80000)
 Metaspace       used 91253K, capacity 98292K, committed 98380K, reserved 1134592K
  class space    used 11758K, capacity 13032K, committed 13056K, reserved 1048576K
}
Event: 158349.367 GC heap before
{Heap before GC invocations=77 (full 4):
 PSYoungGen      total 138752K, used 31392K [0x00000000f5580000, 0x0000000100000000, 0x0000000100000000)
  eden space 107008K, 0% used [0x00000000f5580000,0x00000000f5580000,0x00000000fbe00000)
  from space 31744K, 98% used [0x00000000fbe00000,0x00000000fdca8348,0x00000000fdd00000)
  to   space 35328K, 0% used [0x00000000fdd80000,0x00000000fdd80000,0x0000000100000000)
 ParOldGen       total 177664K, used 70938K [0x00000000e0000000, 0x00000000ead80000, 0x00000000f5580000)
  object space 177664K, 39% used [0x00000000e0000000,0x00000000e4546b10,0x00000000ead80000)
 Metaspace       used 91253K, capacity 98292K, committed 98380K, reserved 1134592K
  class space    used 11758K, capacity 13032K, committed 13056K, reserved 1048576K

Deoptimization events (10 events):
Event: 136085.673 Thread 0x000000001d27d800 Uncommon trap: reason=unstable_if action=reinterpret pc=0x0000000004004c48 method=java.lang.String.regionMatches(ZILjava/lang/String;II)Z @ 123
Event: 136086.673 Thread 0x000000001d27d800 Uncommon trap: reason=bimorphic action=maybe_recompile pc=0x00000000060efe50 method=lombok.javac.JavacNode.traverse(Llombok/javac/JavacASTVisitor;)V @ 73
Event: 136086.673 Thread 0x000000001d27d800 Uncommon trap: reason=bimorphic action=maybe_recompile pc=0x00000000060efe68 method=lombok.javac.JavacNode.traverse(Llombok/javac/JavacASTVisitor;)V @ 113
Event: 136086.673 Thread 0x000000001d27d800 Uncommon trap: reason=bimorphic action=maybe_recompile pc=0x00000000060eefd0 method=lombok.javac.JavacNode.traverse(Llombok/javac/JavacASTVisitor;)V @ 490
Event: 136086.673 Thread 0x000000001d27d800 Uncommon trap: reason=bimorphic action=maybe_recompile pc=0x00000000060eefd0 method=lombok.javac.JavacNode.traverse(Llombok/javac/JavacASTVisitor;)V @ 490
Event: 136086.905 Thread 0x000000001d27d800 Uncommon trap: reason=class_check action=maybe_recompile pc=0x0000000004e4eaa0 method=com.sun.tools.javac.code.Type$ClassType.isErroneous()Z @ 28
Event: 136087.264 Thread 0x000000001cead800 Uncommon trap: reason=array_check action=maybe_recompile pc=0x000000000556dddc method=java.util.TimSort.binarySort([Ljava/lang/Object;IIILjava/util/Comparator;)V @ 193
Event: 136087.266 Thread 0x000000001cead800 Uncommon trap: reason=array_check action=maybe_recompile pc=0x000000000556dddc method=java.util.TimSort.binarySort([Ljava/lang/Object;IIILjava/util/Comparator;)V @ 193
Event: 136087.275 Thread 0x0000000018dfd000 Uncommon trap: reason=bimorphic action=maybe_recompile pc=0x000000000406828c method=java.util.Collections.indexedBinarySearch(Ljava/util/List;Ljava/lang/Object;)I @ 39
Event: 136087.275 Thread 0x0000000018dfd000 Uncommon trap: reason=bimorphic action=maybe_recompile pc=0x000000000406828c method=java.util.Collections.indexedBinarySearch(Ljava/util/List;Ljava/lang/Object;)I @ 39

Classes redefined (0 events):
No events

Internal exceptions (10 events):
Event: 88200.382 Thread 0x000000001d27e800 Exception <a 'java/io/FileNotFoundException'> (0x00000000f8ff52e8) thrown at [C:\re\workspace\8-2-build-windows-amd64-cygwin\jdk8u202\12323\hotspot\src\share\vm\prims\jni.cpp, line 710]
Event: 136085.537 Thread 0x000000001d27d800 Exception <a 'java/io/FileNotFoundException'> (0x00000000f774bb80) thrown at [C:\re\workspace\8-2-build-windows-amd64-cygwin\jdk8u202\12323\hotspot\src\share\vm\prims\jni.cpp, line 710]
Event: 136085.543 Thread 0x000000001d27d800 Exception <a 'java/io/FileNotFoundException'> (0x00000000f779f978) thrown at [C:\re\workspace\8-2-build-windows-amd64-cygwin\jdk8u202\12323\hotspot\src\share\vm\prims\jni.cpp, line 710]
Event: 136087.265 Thread 0x000000001cead800 Exception <a 'java/lang/NoSuchMethodError': <clinit>> (0x00000000fab3f3f0) thrown at [C:\re\workspace\8-2-build-windows-amd64-cygwin\jdk8u202\12323\hotspot\src\share\vm\prims\jni.cpp, line 1614]
Event: 136470.506 Thread 0x000000001d27d800 Exception <a 'java/io/FileNotFoundException'> (0x00000000fa7f9c50) thrown at [C:\re\workspace\8-2-build-windows-amd64-cygwin\jdk8u202\12323\hotspot\src\share\vm\prims\jni.cpp, line 710]
Event: 136470.509 Thread 0x000000001d27d800 Exception <a 'java/io/FileNotFoundException'> (0x00000000fa82b288) thrown at [C:\re\workspace\8-2-build-windows-amd64-cygwin\jdk8u202\12323\hotspot\src\share\vm\prims\jni.cpp, line 710]
Event: 156448.588 Thread 0x000000001d272800 Exception <a 'java/io/FileNotFoundException'> (0x00000000fb4abd78) thrown at [C:\re\workspace\8-2-build-windows-amd64-cygwin\jdk8u202\12323\hotspot\src\share\vm\prims\jni.cpp, line 710]
Event: 156448.594 Thread 0x000000001d272800 Exception <a 'java/io/FileNotFoundException'> (0x00000000fb4dd488) thrown at [C:\re\workspace\8-2-build-windows-amd64-cygwin\jdk8u202\12323\hotspot\src\share\vm\prims\jni.cpp, line 710]
Event: 158348.882 Thread 0x0000000019855800 Exception <a 'java/io/FileNotFoundException'> (0x00000000f7025318) thrown at [C:\re\workspace\8-2-build-windows-amd64-cygwin\jdk8u202\12323\hotspot\src\share\vm\prims\jni.cpp, line 710]
Event: 158348.884 Thread 0x0000000019855800 Exception <a 'java/io/FileNotFoundException'> (0x00000000f7056940) thrown at [C:\re\workspace\8-2-build-windows-amd64-cygwin\jdk8u202\12323\hotspot\src\share\vm\prims\jni.cpp, line 710]

Events (10 events):
Event: 158349.140 loading class com/sun/tools/javac/util/CancelService done
Event: 158349.140 loading class com/sun/tools/javac/util/CancelService
Event: 158349.140 loading class com/sun/tools/javac/util/CancelService done
Event: 158349.144 loading class com/sun/tools/javac/file/PathFileObject
Event: 158349.144 loading class com/sun/tools/javac/file/PathFileObject done
Event: 158349.144 loading class com/sun/tools/javac/file/PathFileObject
Event: 158349.144 loading class com/sun/tools/javac/file/PathFileObject done
Event: 158349.144 loading class com/sun/tools/javac/file/PathFileObject
Event: 158349.144 loading class com/sun/tools/javac/file/PathFileObject done
Event: 158349.301 Executing VM operation: CollectForMetadataAllocation


Dynamic libraries:
0x00007ff6de310000 - 0x00007ff6de347000 	C:\Program Files\Java\jdk1.8.0_202\bin\java.exe
0x00007ffb3adf0000 - 0x00007ffb3afe8000 	C:\Windows\SYSTEM32\ntdll.dll
0x00007ffb39ed0000 - 0x00007ffb39f92000 	C:\Windows\System32\KERNEL32.DLL
0x00007ffb38510000 - 0x00007ffb3880e000 	C:\Windows\System32\KERNELBASE.dll
0x00007ffb39e00000 - 0x00007ffb39eb1000 	C:\Windows\System32\ADVAPI32.dll
0x00007ffb39690000 - 0x00007ffb3972e000 	C:\Windows\System32\msvcrt.dll
0x00007ffb38e10000 - 0x00007ffb38eaf000 	C:\Windows\System32\sechost.dll
0x00007ffb39b20000 - 0x00007ffb39c43000 	C:\Windows\System32\RPCRT4.dll
0x00007ffb384e0000 - 0x00007ffb38507000 	C:\Windows\System32\bcrypt.dll
0x00007ffb39890000 - 0x00007ffb39a2d000 	C:\Windows\System32\USER32.dll
0x00007ffb38b10000 - 0x00007ffb38b32000 	C:\Windows\System32\win32u.dll
0x00007ffb39730000 - 0x00007ffb3975b000 	C:\Windows\System32\GDI32.dll
0x00007ffb389f0000 - 0x00007ffb38b07000 	C:\Windows\System32\gdi32full.dll
0x00007ffb38810000 - 0x00007ffb388ad000 	C:\Windows\System32\msvcp_win.dll
0x00007ffb38b40000 - 0x00007ffb38c40000 	C:\Windows\System32\ucrtbase.dll
0x00007ffb23bc0000 - 0x00007ffb23e5a000 	C:\Windows\WinSxS\amd64_microsoft.windows.common-controls_6595b64144ccf1df_6.0.19041.4355_none_60b8b9eb71f62e16\COMCTL32.dll
0x00007ffb39af0000 - 0x00007ffb39b1f000 	C:\Windows\System32\IMM32.DLL
0x00000000681f0000 - 0x00000000682c2000 	C:\Program Files\Java\jdk1.8.0_202\jre\bin\msvcr100.dll
0x0000000066e40000 - 0x00000000676e5000 	C:\Program Files\Java\jdk1.8.0_202\jre\bin\server\jvm.dll
0x00007ffb3a630000 - 0x00007ffb3a638000 	C:\Windows\System32\PSAPI.DLL
0x00007ffb204b0000 - 0x00007ffb204b9000 	C:\Windows\SYSTEM32\WSOCK32.dll
0x00007ffb3a6c0000 - 0x00007ffb3a72b000 	C:\Windows\System32\WS2_32.dll
0x00007ffb35c90000 - 0x00007ffb35cb7000 	C:\Windows\SYSTEM32\WINMM.dll
0x00007ffb31630000 - 0x00007ffb3163a000 	C:\Windows\SYSTEM32\VERSION.dll
0x00007ffaf1f20000 - 0x00007ffaf1f2f000 	C:\Program Files\Java\jdk1.8.0_202\jre\bin\verify.dll
0x00007ffaea970000 - 0x00007ffaea999000 	C:\Program Files\Java\jdk1.8.0_202\jre\bin\java.dll
0x00007ffae28c0000 - 0x00007ffae28d6000 	C:\Program Files\Java\jdk1.8.0_202\jre\bin\zip.dll
0x00007ffb38f10000 - 0x00007ffb3967d000 	C:\Windows\System32\SHELL32.dll
0x00007ffb35fb0000 - 0x00007ffb36754000 	C:\Windows\SYSTEM32\windows.storage.dll
0x00007ffb3a2d0000 - 0x00007ffb3a623000 	C:\Windows\System32\combase.dll
0x00007ffb37ec0000 - 0x00007ffb37eee000 	C:\Windows\SYSTEM32\Wldp.dll
0x00007ffb3a730000 - 0x00007ffb3a7fd000 	C:\Windows\System32\OLEAUT32.dll
0x00007ffb3a000000 - 0x00007ffb3a0ad000 	C:\Windows\System32\SHCORE.dll
0x00007ffb39a30000 - 0x00007ffb39a85000 	C:\Windows\System32\shlwapi.dll
0x00007ffb383c0000 - 0x00007ffb383e4000 	C:\Windows\SYSTEM32\profapi.dll
0x00007ffae28a0000 - 0x00007ffae28ba000 	C:\Program Files\Java\jdk1.8.0_202\jre\bin\net.dll
0x00007ffb27880000 - 0x00007ffb27a6c000 	C:\Windows\SYSTEM32\urlmon.dll
0x00007ffb210a0000 - 0x00007ffb2135e000 	C:\Windows\SYSTEM32\iertutil.dll
0x00007ffb21360000 - 0x00007ffb21388000 	C:\Windows\SYSTEM32\srvcli.dll
0x00007ffb379c0000 - 0x00007ffb379cc000 	C:\Windows\SYSTEM32\netutils.dll
0x00007ffb37c20000 - 0x00007ffb37c8a000 	C:\Windows\system32\mswsock.dll
0x00007ffae2880000 - 0x00007ffae2892000 	C:\Program Files\Java\jdk1.8.0_202\jre\bin\nio.dll
0x00007ffaf28b0000 - 0x00007ffaf28d7000 	C:\Users\nicho\.gradle\native\e1d6ef7f7dcc3fd88c89a11ec53ec762bb8ba0a96d01ffa2cd45eb1d1d8dd5c5\windows-amd64\native-platform.dll
0x00007ffb31050000 - 0x00007ffb31194000 	C:\Users\nicho\.gradle\native\5664cfc778a61ccfe75a443a1ab52a65af34e5dc3c78e0209fed803814484fcb\windows-amd64\native-platform-file-events.dll
0x00007ffb343f0000 - 0x00007ffb343fd000 	C:\Program Files\Java\jdk1.8.0_202\jre\bin\management.dll
0x00007ffb37e10000 - 0x00007ffb37e28000 	C:\Windows\SYSTEM32\CRYPTSP.dll
0x00007ffb374d0000 - 0x00007ffb37504000 	C:\Windows\system32\rsaenh.dll
0x00007ffb38380000 - 0x00007ffb383ae000 	C:\Windows\SYSTEM32\USERENV.dll
0x00007ffb38960000 - 0x00007ffb389e2000 	C:\Windows\System32\bcryptprimitives.dll
0x00007ffb37e30000 - 0x00007ffb37e3c000 	C:\Windows\SYSTEM32\CRYPTBASE.dll
0x00007ffb378b0000 - 0x00007ffb378eb000 	C:\Windows\SYSTEM32\IPHLPAPI.DLL
0x00007ffb39680000 - 0x00007ffb39688000 	C:\Windows\System32\NSI.dll
0x00007ffb2fee0000 - 0x00007ffb2fef7000 	C:\Windows\SYSTEM32\dhcpcsvc6.DLL
0x00007ffb2fec0000 - 0x00007ffb2fedd000 	C:\Windows\SYSTEM32\dhcpcsvc.DLL
0x00007ffb378f0000 - 0x00007ffb379ba000 	C:\Windows\SYSTEM32\DNSAPI.dll
0x00007ffb369b0000 - 0x00007ffb36b94000 	C:\Windows\SYSTEM32\dbghelp.dll

VM Arguments:
jvm_args: -XX:MaxMetaspaceSize=256m -XX:+HeapDumpOnOutOfMemoryError -Xms256m -Xmx512m -Dfile.encoding=windows-1252 -Duser.country=US -Duser.language=en -Duser.variant 
java_command: org.gradle.launcher.daemon.bootstrap.GradleDaemon 6.9.4
java_class_path (initial): C:\workspace\gradle-6.9.4\lib\gradle-launcher-6.9.4.jar
Launcher Type: SUN_STANDARD

Environment Variables:
PATH=C:\Program Files (x86)\Common Files\Oracle\Java\java8path;C:\Program Files (x86)\Common Files\Oracle\Java\javapath;C:\Program Files (x86)\VMware\VMware Player\bin\;C:\Windows\system32;C:\Windows;C:\Windows\System32\Wbem;C:\Windows\System32\WindowsPowerShell\v1.0\;C:\Windows\System32\OpenSSH\;C:\Program Files\PuTTY\;C:\Program Files\Microsoft VS Code\bin;C:\Program Files (x86)\Common Files\Acronis\VirtualFile\;C:\Program Files (x86)\Common Files\Acronis\VirtualFile64\;C:\Program Files (x86)\Common Files\Acronis\SnapAPI\;C:\Program Files (x86)\NVIDIA Corporation\PhysX\Common;C:\Program Files (x86)\Windows Live\Shared;C:\Program Files\Microsoft SQL Server\Client SDK\ODBC\170\Tools\Binn\;C:\Program Files (x86)\Microsoft SQL Server\150\Tools\Binn\;C:\Program Files\Microsoft SQL Server\150\Tools\Binn\;C:\Program Files\Microsoft SQL Server\150\DTS\Binn\;C:\Program Files (x86)\Microsoft SQL Server\150\DTS\Binn\;C:\Ruby27-x64\bin;C:\Program Files\dotnet\;C:\Program Files\nodejs\;C:\Program Files\swipl\bin;C:\Program Files\swipl\lib\jpl.jar;C:\Program Files\Git\cmd;C:\Ruby27-x64\bin;C:\Program Files\MySQL\MySQL Shell 8.0\bin\;C:\Users\nicho\AppData\Local\Microsoft\WindowsApps;C:\Program Files\Java\jdk-12\bin;C:\Users\nicho\Downloads\gradle-6.6\bin;C:\Users\nicho\Downloads\apache-maven-3.6.3\bin;C:\Program Files\Python38;C:\Program Files\Python38\Scripts;C:\workspace\elk\logstash-7.10.1\bin;C:\Users\nicho\AppData\Local\GitHubDesktop\bin;C:\Program Files\Azure Data Studio\bin;C:\Users\nicho\AppData\Local\Google\Cloud SDK\google-cloud-sdk\bin;C:\Program Files\heroku\bin;C:\Users\nicho\AppData\Local\atom\bin;C:\Users\nicho\AppData\Roaming\npm;C:\Program Files\swipl\bin;C:\Program Files\swipl\lib\jpl.jar;C:\Users\nicho\Downloads\flutter\bin;
USERNAME=nicho
OS=Windows_NT
PROCESSOR_IDENTIFIER=Intel64 Family 6 Model 158 Stepping 10, GenuineIntel



---------------  S Y S T E M  ---------------

OS: Windows 10.0 , 64 bit Build 19041 (10.0.19041.5198)

CPU:total 8 (initial active 8) (4 cores per cpu, 2 threads per core) family 6 model 158 stepping 10, cmov, cx8, fxsr, mmx, sse, sse2, sse3, ssse3, sse4.1, sse4.2, popcnt, avx, avx2, aes, clmul, erms, 3dnowpref, lzcnt, ht, tsc, tscinvbit, bmi1, bmi2, adx

Memory: 4k page, physical 16565996k(382236k free), swap 57278976k(7233036k free)

vm_info: Java HotSpot(TM) 64-Bit Server VM (25.202-b08) for windows-amd64 JRE (1.8.0_202-b08), built on Dec 15 2018 19:54:30 by "java_re" with MS VC++ 10.0 (VS2010)

time: Sun Jan 05 20:37:51 2025
timezone: Malay Peninsula Standard Time
elapsed time: 158349 seconds (1d 19h 59m 9s)

